<?xml version="1.0" encoding="UTF-8" ?>
<testsuite failures="0" time="5.393" errors="0" skipped="0" tests="16" name="com.andreiribas.sistemaaudiencias.dao.jpa.accesscontrol.GroupDaoTest">
  <properties>
    <property name="java.runtime.name" value="Java(TM) SE Runtime Environment"/>
    <property name="sun.boot.library.path" value="/usr/lib/jvm/java-6-oracle/jre/lib/amd64"/>
    <property name="java.vm.version" value="20.45-b01"/>
    <property name="java.vm.vendor" value="Sun Microsystems Inc."/>
    <property name="java.vendor.url" value="http://java.sun.com/"/>
    <property name="path.separator" value=":"/>
    <property name="guice.disable.misplaced.annotation.check" value="true"/>
    <property name="java.vm.name" value="Java HotSpot(TM) 64-Bit Server VM"/>
    <property name="file.encoding.pkg" value="sun.io"/>
    <property name="user.country" value="US"/>
    <property name="sun.java.launcher" value="SUN_STANDARD"/>
    <property name="sun.os.patch.level" value="unknown"/>
    <property name="java.vm.specification.name" value="Java Virtual Machine Specification"/>
    <property name="user.dir" value="/media/andrei/01CC31BED7D5EBD0/dev/workspaces/freelance-advogado/many-to-many-unidirectional-jpa-postgres-example"/>
    <property name="java.runtime.version" value="1.6.0_45-b06"/>
    <property name="java.awt.graphicsenv" value="sun.awt.X11GraphicsEnvironment"/>
    <property name="java.endorsed.dirs" value="/usr/lib/jvm/java-6-oracle/jre/lib/endorsed"/>
    <property name="os.arch" value="amd64"/>
    <property name="java.io.tmpdir" value="/tmp"/>
    <property name="line.separator" value="
"/>
    <property name="java.vm.specification.vendor" value="Sun Microsystems Inc."/>
    <property name="os.name" value="Linux"/>
    <property name="classworlds.conf" value="/usr/share/maven/bin/m2.conf"/>
    <property name="sun.jnu.encoding" value="UTF-8"/>
    <property name="java.library.path" value="/usr/lib/jvm/java-6-oracle/jre/lib/amd64/server:/usr/lib/jvm/java-6-oracle/jre/lib/amd64:/usr/lib/jvm/java-6-oracle/jre/../lib/amd64:/usr/java/packages/lib/amd64:/usr/lib64:/lib64:/lib:/usr/lib"/>
    <property name="java.specification.name" value="Java Platform API Specification"/>
    <property name="java.class.version" value="50.0"/>
    <property name="sun.management.compiler" value="HotSpot 64-Bit Tiered Compilers"/>
    <property name="os.version" value="3.11.0-19-generic"/>
    <property name="user.home" value="/home/andrei"/>
    <property name="user.timezone" value="America/Sao_Paulo"/>
    <property name="java.awt.printerjob" value="sun.print.PSPrinterJob"/>
    <property name="file.encoding" value="UTF-8"/>
    <property name="java.specification.version" value="1.6"/>
    <property name="user.name" value="andrei"/>
    <property name="java.class.path" value="/usr/share/maven/boot/plexus-classworlds-2.x.jar"/>
    <property name="java.vm.specification.version" value="1.0"/>
    <property name="sun.arch.data.model" value="64"/>
    <property name="java.home" value="/usr/lib/jvm/java-6-oracle/jre"/>
    <property name="sun.java.command" value="org.codehaus.plexus.classworlds.launcher.Launcher clean install"/>
    <property name="java.specification.vendor" value="Sun Microsystems Inc."/>
    <property name="user.language" value="en"/>
    <property name="java.vm.info" value="mixed mode"/>
    <property name="java.version" value="1.6.0_45"/>
    <property name="java.ext.dirs" value="/usr/lib/jvm/java-6-oracle/jre/lib/ext:/usr/java/packages/lib/ext"/>
    <property name="securerandom.source" value="file:/dev/./urandom"/>
    <property name="sun.boot.class.path" value="/usr/lib/jvm/java-6-oracle/jre/lib/resources.jar:/usr/lib/jvm/java-6-oracle/jre/lib/rt.jar:/usr/lib/jvm/java-6-oracle/jre/lib/sunrsasign.jar:/usr/lib/jvm/java-6-oracle/jre/lib/jsse.jar:/usr/lib/jvm/java-6-oracle/jre/lib/jce.jar:/usr/lib/jvm/java-6-oracle/jre/lib/charsets.jar:/usr/lib/jvm/java-6-oracle/jre/lib/modules/jdk.boot.jar:/usr/lib/jvm/java-6-oracle/jre/classes"/>
    <property name="java.vendor" value="Sun Microsystems Inc."/>
    <property name="maven.home" value="/usr/share/maven"/>
    <property name="file.separator" value="/"/>
    <property name="java.vendor.url.bug" value="http://java.sun.com/cgi-bin/bugreport.cgi"/>
    <property name="sun.cpu.endian" value="little"/>
    <property name="sun.io.unicode.encoding" value="UnicodeLittle"/>
    <property name="sun.desktop" value="gnome"/>
    <property name="sun.cpu.isalist" value=""/>
  </properties>
  <testcase time="2.97" classname="com.andreiribas.sistemaaudiencias.dao.jpa.accesscontrol.GroupDaoTest" name="testSaveWhenAllDataIsOkShouldSucceed"/>
  <testcase time="0.027" classname="com.andreiribas.sistemaaudiencias.dao.jpa.accesscontrol.GroupDaoTest" name="testSaveWhenNameIsNullShouldThrowException"/>
  <testcase time="0.037" classname="com.andreiribas.sistemaaudiencias.dao.jpa.accesscontrol.GroupDaoTest" name="testSaveWhenNameIsEmptyShouldNotThrowException"/>
  <testcase time="0.028" classname="com.andreiribas.sistemaaudiencias.dao.jpa.accesscontrol.GroupDaoTest" name="testSaveWhenCreationDateIsEmptyShouldThrowException"/>
  <testcase time="0.117" classname="com.andreiribas.sistemaaudiencias.dao.jpa.accesscontrol.GroupDaoTest" name="testSaveAndUpdateItsNameWhenItsManaged"/>
  <testcase time="0.066" classname="com.andreiribas.sistemaaudiencias.dao.jpa.accesscontrol.GroupDaoTest" name="testSaveAndUpdateItsNameWithMerge"/>
  <testcase time="0.035" classname="com.andreiribas.sistemaaudiencias.dao.jpa.accesscontrol.GroupDaoTest" name="testCreateNewUserAndDeleteIt"/>
  <testcase time="0.005" classname="com.andreiribas.sistemaaudiencias.dao.jpa.accesscontrol.GroupDaoTest" name="testCountWhenThereAreNoGroupsShouldReturnZero"/>
  <testcase time="0.018" classname="com.andreiribas.sistemaaudiencias.dao.jpa.accesscontrol.GroupDaoTest" name="testCountWhenThereIsOnlyOneGroupShouldReturnOne"/>
  <testcase time="0.043" classname="com.andreiribas.sistemaaudiencias.dao.jpa.accesscontrol.GroupDaoTest" name="testCountWhenThereAreMoreThanOneGroupsShouldReturnNumberGreaterThanZero"/>
  <testcase time="0.028" classname="com.andreiribas.sistemaaudiencias.dao.jpa.accesscontrol.GroupDaoTest" name="testFindWhenIdIsNullShouldThrowException"/>
  <testcase time="0.003" classname="com.andreiribas.sistemaaudiencias.dao.jpa.accesscontrol.GroupDaoTest" name="testFindWhenIdDoesNotExistShouldReturnNull"/>
  <testcase time="0.021" classname="com.andreiribas.sistemaaudiencias.dao.jpa.accesscontrol.GroupDaoTest" name="testFindWhenIdDoesExistShouldReturnEntity"/>
  <testcase time="0.017" classname="com.andreiribas.sistemaaudiencias.dao.jpa.accesscontrol.GroupDaoTest" name="testDeleteWhenObjectIsNullShouldThrowException"/>
  <testcase time="0.007" classname="com.andreiribas.sistemaaudiencias.dao.jpa.accesscontrol.GroupDaoTest" name="testDeleteWhenObjectIsNotManagedShouldDoNothing"/>
  <testcase time="0.06" classname="com.andreiribas.sistemaaudiencias.dao.jpa.accesscontrol.GroupDaoTest" name="testDeleteWhenObjectIsManagedShouldDeleteIt"/>
</testsuite>